<?xml version="1.0" encoding="UTF-8"?>
<robot generator="Robot 4.0.2 (Python 3.6.0 on win32)" generated="20240416 17:44:54.816" rpa="false" schemaversion="2">
<suite id="s1" name="OP" source="C:\Users\deepa\PycharmProjects\pyprogram\2023\OP.ROBOT">
<test id="s1-t1" name="tc1">
<for flavor="IN RANGE">
<var>${i}</var>
<value>1</value>
<value>10</value>
<iter>
<var name="${i}">1</var>
<kw name="Log" library="BuiltIn">
<arg>${i}</arg>
<doc>Logs the given message with the given level.</doc>
<msg timestamp="20240416 17:44:55.099" level="INFO">1</msg>
<status status="PASS" starttime="20240416 17:44:55.099" endtime="20240416 17:44:55.099"/>
</kw>
<status status="PASS" starttime="20240416 17:44:55.099" endtime="20240416 17:44:55.099"/>
</iter>
<iter>
<var name="${i}">2</var>
<kw name="Log" library="BuiltIn">
<arg>${i}</arg>
<doc>Logs the given message with the given level.</doc>
<msg timestamp="20240416 17:44:55.099" level="INFO">2</msg>
<status status="PASS" starttime="20240416 17:44:55.099" endtime="20240416 17:44:55.099"/>
</kw>
<status status="PASS" starttime="20240416 17:44:55.099" endtime="20240416 17:44:55.099"/>
</iter>
<iter>
<var name="${i}">3</var>
<kw name="Log" library="BuiltIn">
<arg>${i}</arg>
<doc>Logs the given message with the given level.</doc>
<msg timestamp="20240416 17:44:55.102" level="INFO">3</msg>
<status status="PASS" starttime="20240416 17:44:55.102" endtime="20240416 17:44:55.102"/>
</kw>
<status status="PASS" starttime="20240416 17:44:55.099" endtime="20240416 17:44:55.102"/>
</iter>
<iter>
<var name="${i}">4</var>
<kw name="Log" library="BuiltIn">
<arg>${i}</arg>
<doc>Logs the given message with the given level.</doc>
<msg timestamp="20240416 17:44:55.102" level="INFO">4</msg>
<status status="PASS" starttime="20240416 17:44:55.102" endtime="20240416 17:44:55.102"/>
</kw>
<status status="PASS" starttime="20240416 17:44:55.102" endtime="20240416 17:44:55.102"/>
</iter>
<iter>
<var name="${i}">5</var>
<kw name="Log" library="BuiltIn">
<arg>${i}</arg>
<doc>Logs the given message with the given level.</doc>
<msg timestamp="20240416 17:44:55.102" level="INFO">5</msg>
<status status="PASS" starttime="20240416 17:44:55.102" endtime="20240416 17:44:55.102"/>
</kw>
<status status="PASS" starttime="20240416 17:44:55.102" endtime="20240416 17:44:55.102"/>
</iter>
<iter>
<var name="${i}">6</var>
<kw name="Log" library="BuiltIn">
<arg>${i}</arg>
<doc>Logs the given message with the given level.</doc>
<msg timestamp="20240416 17:44:55.102" level="INFO">6</msg>
<status status="PASS" starttime="20240416 17:44:55.102" endtime="20240416 17:44:55.102"/>
</kw>
<status status="PASS" starttime="20240416 17:44:55.102" endtime="20240416 17:44:55.102"/>
</iter>
<iter>
<var name="${i}">7</var>
<kw name="Log" library="BuiltIn">
<arg>${i}</arg>
<doc>Logs the given message with the given level.</doc>
<msg timestamp="20240416 17:44:55.102" level="INFO">7</msg>
<status status="PASS" starttime="20240416 17:44:55.102" endtime="20240416 17:44:55.102"/>
</kw>
<status status="PASS" starttime="20240416 17:44:55.102" endtime="20240416 17:44:55.102"/>
</iter>
<iter>
<var name="${i}">8</var>
<kw name="Log" library="BuiltIn">
<arg>${i}</arg>
<doc>Logs the given message with the given level.</doc>
<msg timestamp="20240416 17:44:55.102" level="INFO">8</msg>
<status status="PASS" starttime="20240416 17:44:55.102" endtime="20240416 17:44:55.102"/>
</kw>
<status status="PASS" starttime="20240416 17:44:55.102" endtime="20240416 17:44:55.102"/>
</iter>
<iter>
<var name="${i}">9</var>
<kw name="Log" library="BuiltIn">
<arg>${i}</arg>
<doc>Logs the given message with the given level.</doc>
<msg timestamp="20240416 17:44:55.102" level="INFO">9</msg>
<status status="PASS" starttime="20240416 17:44:55.102" endtime="20240416 17:44:55.102"/>
</kw>
<status status="PASS" starttime="20240416 17:44:55.102" endtime="20240416 17:44:55.102"/>
</iter>
<status status="PASS" starttime="20240416 17:44:55.099" endtime="20240416 17:44:55.102"/>
</for>
<status status="PASS" starttime="20240416 17:44:55.083" endtime="20240416 17:44:55.102"/>
</test>
<status status="PASS" starttime="20240416 17:44:54.823" endtime="20240416 17:44:55.102"/>
</suite>
<statistics>
<total>
<stat pass="1" fail="0" skip="0">All Tests</stat>
</total>
<tag>
</tag>
<suite>
<stat pass="1" fail="0" skip="0" id="s1" name="OP">OP</stat>
</suite>
</statistics>
<errors>
</errors>
</robot>
